<?xml version="1.0" encoding="UTF-8"?>
<testng-results skipped="0" failed="0" ignored="0" total="1" passed="1">
  <reporter-output>
  </reporter-output>
  <suite name="Default suite" duration-ms="594" started-at="2017-05-12T10:17:38Z" finished-at="2017-05-12T10:17:39Z">
    <groups>
    </groups>
    <test name="Default test" duration-ms="594" started-at="2017-05-12T10:17:38Z" finished-at="2017-05-12T10:17:39Z">
      <class name="core.BAlogin_testNG">
        <test-method status="PASS" signature="test()[pri:0, instance:core.BAlogin_testNG@39aeed2f]" name="test" duration-ms="571" started-at="2017-05-12T15:47:38Z" finished-at="2017-05-12T15:47:39Z">
          <reporter-output>
          </reporter-output>
        </test-method> <!-- test -->
      </class> <!-- core.BAlogin_testNG -->
    </test> <!-- Default test -->
  </suite> <!-- Default suite -->
</testng-results>
